<?xml version="1.0" encoding="UTF-8"?>
<testsuite name="com.example.JPAPJ.JpapjApplicationTests" tests="1" skipped="0" failures="0" errors="0" timestamp="2019-12-05T19:46:59" hostname="LAPTOP-63UASN1G" time="0.187">
  <properties/>
  <testcase name="contextLoads" classname="com.example.JPAPJ.JpapjApplicationTests" time="0.187"/>
  <system-out><![CDATA[20:46:51.198 [Test worker] DEBUG org.springframework.test.context.junit4.SpringJUnit4ClassRunner - SpringJUnit4ClassRunner constructor called with [class com.example.JPAPJ.JpapjApplicationTests]
20:46:51.213 [Test worker] DEBUG org.springframework.test.context.BootstrapUtils - Instantiating CacheAwareContextLoaderDelegate from class [org.springframework.test.context.cache.DefaultCacheAwareContextLoaderDelegate]
20:46:51.226 [Test worker] DEBUG org.springframework.test.context.BootstrapUtils - Instantiating BootstrapContext using constructor [public org.springframework.test.context.support.DefaultBootstrapContext(java.lang.Class,org.springframework.test.context.CacheAwareContextLoaderDelegate)]
20:46:51.251 [Test worker] DEBUG org.springframework.test.context.BootstrapUtils - Instantiating TestContextBootstrapper for test class [com.example.JPAPJ.JpapjApplicationTests] from class [org.springframework.boot.test.context.SpringBootTestContextBootstrapper]
20:46:51.272 [Test worker] INFO org.springframework.boot.test.context.SpringBootTestContextBootstrapper - Neither @ContextConfiguration nor @ContextHierarchy found for test class [com.example.JPAPJ.JpapjApplicationTests], using SpringBootContextLoader
20:46:51.276 [Test worker] DEBUG org.springframework.test.context.support.AbstractContextLoader - Did not detect default resource location for test class [com.example.JPAPJ.JpapjApplicationTests]: class path resource [com/example/JPAPJ/JpapjApplicationTests-context.xml] does not exist
20:46:51.277 [Test worker] DEBUG org.springframework.test.context.support.AbstractContextLoader - Did not detect default resource location for test class [com.example.JPAPJ.JpapjApplicationTests]: class path resource [com/example/JPAPJ/JpapjApplicationTestsContext.groovy] does not exist
20:46:51.279 [Test worker] INFO org.springframework.test.context.support.AbstractContextLoader - Could not detect default resource locations for test class [com.example.JPAPJ.JpapjApplicationTests]: no resource found for suffixes {-context.xml, Context.groovy}.
20:46:51.281 [Test worker] INFO org.springframework.test.context.support.AnnotationConfigContextLoaderUtils - Could not detect default configuration classes for test class [com.example.JPAPJ.JpapjApplicationTests]: JpapjApplicationTests does not declare any static, non-private, non-final, nested classes annotated with @Configuration.
20:46:51.335 [Test worker] DEBUG org.springframework.test.context.support.ActiveProfilesUtils - Could not find an 'annotation declaring class' for annotation type [org.springframework.test.context.ActiveProfiles] and class [com.example.JPAPJ.JpapjApplicationTests]
20:46:51.443 [Test worker] DEBUG org.springframework.context.annotation.ClassPathScanningCandidateComponentProvider - Identified candidate component class: file [D:\DWLD\CLOUD\TP1\JPAPJ\build\classes\java\main\com\example\JPAPJ\JpapjApplication.class]
20:46:51.458 [Test worker] INFO org.springframework.boot.test.context.SpringBootTestContextBootstrapper - Found @SpringBootConfiguration com.example.JPAPJ.JpapjApplication for test class com.example.JPAPJ.JpapjApplicationTests
20:46:51.587 [Test worker] DEBUG org.springframework.boot.test.context.SpringBootTestContextBootstrapper - @TestExecutionListeners is not present for class [com.example.JPAPJ.JpapjApplicationTests]: using defaults.
20:46:51.587 [Test worker] INFO org.springframework.boot.test.context.SpringBootTestContextBootstrapper - Loaded default TestExecutionListener class names from location [META-INF/spring.factories]: [org.springframework.boot.test.autoconfigure.restdocs.RestDocsTestExecutionListener, org.springframework.boot.test.autoconfigure.web.client.MockRestServiceServerResetTestExecutionListener, org.springframework.boot.test.autoconfigure.web.servlet.MockMvcPrintOnlyOnFailureTestExecutionListener, org.springframework.boot.test.autoconfigure.web.servlet.WebDriverTestExecutionListener, org.springframework.boot.test.mock.mockito.MockitoTestExecutionListener, org.springframework.boot.test.mock.mockito.ResetMocksTestExecutionListener, org.springframework.test.context.web.ServletTestExecutionListener, org.springframework.test.context.support.DirtiesContextBeforeModesTestExecutionListener, org.springframework.test.context.support.DependencyInjectionTestExecutionListener, org.springframework.test.context.support.DirtiesContextTestExecutionListener, org.springframework.test.context.transaction.TransactionalTestExecutionListener, org.springframework.test.context.jdbc.SqlScriptsTestExecutionListener]
20:46:51.661 [Test worker] INFO org.springframework.boot.test.context.SpringBootTestContextBootstrapper - Using TestExecutionListeners: [org.springframework.test.context.web.ServletTestExecutionListener@6dedca1d, org.springframework.test.context.support.DirtiesContextBeforeModesTestExecutionListener@1269b5c3, org.springframework.boot.test.mock.mockito.MockitoTestExecutionListener@f297f17, org.springframework.boot.test.autoconfigure.SpringBootDependencyInjectionTestExecutionListener@347d21d9, org.springframework.test.context.support.DirtiesContextTestExecutionListener@37c3a869, org.springframework.test.context.transaction.TransactionalTestExecutionListener@685bd4ff, org.springframework.test.context.jdbc.SqlScriptsTestExecutionListener@2c4edf24, org.springframework.boot.test.autoconfigure.restdocs.RestDocsTestExecutionListener@7160409d, org.springframework.boot.test.autoconfigure.web.client.MockRestServiceServerResetTestExecutionListener@5b4a2e38, org.springframework.boot.test.autoconfigure.web.servlet.MockMvcPrintOnlyOnFailureTestExecutionListener@6d80e582, org.springframework.boot.test.autoconfigure.web.servlet.WebDriverTestExecutionListener@376db0e9, org.springframework.boot.test.mock.mockito.ResetMocksTestExecutionListener@447a6a31]
20:46:51.664 [Test worker] DEBUG org.springframework.test.annotation.ProfileValueUtils - Retrieved @ProfileValueSourceConfiguration [null] for test class [com.example.JPAPJ.JpapjApplicationTests]
20:46:51.665 [Test worker] DEBUG org.springframework.test.annotation.ProfileValueUtils - Retrieved ProfileValueSource type [class org.springframework.test.annotation.SystemProfileValueSource] for class [com.example.JPAPJ.JpapjApplicationTests]
20:46:51.667 [Test worker] DEBUG org.springframework.test.annotation.ProfileValueUtils - Retrieved @ProfileValueSourceConfiguration [null] for test class [com.example.JPAPJ.JpapjApplicationTests]
20:46:51.667 [Test worker] DEBUG org.springframework.test.annotation.ProfileValueUtils - Retrieved ProfileValueSource type [class org.springframework.test.annotation.SystemProfileValueSource] for class [com.example.JPAPJ.JpapjApplicationTests]
20:46:51.673 [Test worker] DEBUG org.springframework.test.context.support.AbstractDirtiesContextTestExecutionListener - Before test class: context [DefaultTestContext@738f9410 testClass = JpapjApplicationTests, testInstance = [null], testMethod = [null], testException = [null], mergedContextConfiguration = [WebMergedContextConfiguration@4cfabc6e testClass = JpapjApplicationTests, locations = '{}', classes = '{class com.example.JPAPJ.JpapjApplication}', contextInitializerClasses = '[]', activeProfiles = '{}', propertySourceLocations = '{}', propertySourceProperties = '{org.springframework.boot.test.context.SpringBootTestContextBootstrapper=true}', contextCustomizers = set[org.springframework.boot.test.autoconfigure.properties.PropertyMappingContextCustomizer@0, org.springframework.boot.test.autoconfigure.web.servlet.WebDriverContextCustomizerFactory$Customizer@35d2fc2, org.springframework.boot.test.context.filter.ExcludeFilterContextCustomizer@c8093dd, org.springframework.boot.test.json.DuplicateJsonObjectContextCustomizerFactory$DuplicateJsonObjectContextCustomizer@4a6eceb6, org.springframework.boot.test.mock.mockito.MockitoContextCustomizer@0, org.springframework.boot.test.web.client.TestRestTemplateContextCustomizer@68b6e57d], resourceBasePath = 'src/main/webapp', contextLoader = 'org.springframework.boot.test.context.SpringBootContextLoader', parent = [null]], attributes = map['org.springframework.test.context.web.ServletTestExecutionListener.activateListener' -> true]], class annotated with @DirtiesContext [false] with mode [null].
20:46:51.677 [Test worker] DEBUG org.springframework.test.annotation.ProfileValueUtils - Retrieved @ProfileValueSourceConfiguration [null] for test class [com.example.JPAPJ.JpapjApplicationTests]
20:46:51.677 [Test worker] DEBUG org.springframework.test.annotation.ProfileValueUtils - Retrieved ProfileValueSource type [class org.springframework.test.annotation.SystemProfileValueSource] for class [com.example.JPAPJ.JpapjApplicationTests]
20:46:51.699 [Test worker] DEBUG org.springframework.test.context.support.TestPropertySourceUtils - Adding inlined properties to environment: {spring.jmx.enabled=false, org.springframework.boot.test.context.SpringBootTestContextBootstrapper=true, server.port=-1}

  .   ____          _            __ _ _
 /\\ / ___'_ __ _ _(_)_ __  __ _ \ \ \ \
( ( )\___ | '_ | '_| | '_ \/ _` | \ \ \ \
 \\/  ___)| |_)| | | | | || (_| |  ) ) ) )
  '  |____| .__|_| |_|_| |_\__, | / / / /
 =========|_|==============|___/=/_/_/_/
 :: Spring Boot ::       (v2.1.10.RELEASE)

2019-12-05 20:46:52.184  INFO 3028 --- [    Test worker] com.example.JPAPJ.JpapjApplicationTests  : Starting JpapjApplicationTests on LAPTOP-63UASN1G with PID 3028 (started by KNZ in D:\DWLD\CLOUD\TP1\JPAPJ)
2019-12-05 20:46:52.184  INFO 3028 --- [    Test worker] com.example.JPAPJ.JpapjApplicationTests  : No active profile set, falling back to default profiles: default
2019-12-05 20:46:53.549  INFO 3028 --- [    Test worker] .s.d.r.c.RepositoryConfigurationDelegate : Bootstrapping Spring Data repositories in DEFAULT mode.
2019-12-05 20:46:53.671  INFO 3028 --- [    Test worker] .s.d.r.c.RepositoryConfigurationDelegate : Finished Spring Data repository scanning in 95ms. Found 5 repository interfaces.
2019-12-05 20:46:54.280  INFO 3028 --- [    Test worker] trationDelegate$BeanPostProcessorChecker : Bean 'org.springframework.transaction.annotation.ProxyTransactionManagementConfiguration' of type [org.springframework.transaction.annotation.ProxyTransactionManagementConfiguration$$EnhancerBySpringCGLIB$$6f61fe16] is not eligible for getting processed by all BeanPostProcessors (for example: not eligible for auto-proxying)
2019-12-05 20:46:54.569  INFO 3028 --- [    Test worker] com.zaxxer.hikari.HikariDataSource       : HikariPool-1 - Starting...
2019-12-05 20:46:54.887  INFO 3028 --- [    Test worker] com.zaxxer.hikari.HikariDataSource       : HikariPool-1 - Start completed.
2019-12-05 20:46:55.043  INFO 3028 --- [    Test worker] o.hibernate.jpa.internal.util.LogHelper  : HHH000204: Processing PersistenceUnitInfo [
	name: default
	...]
2019-12-05 20:46:55.155  INFO 3028 --- [    Test worker] org.hibernate.Version                    : HHH000412: Hibernate Core {5.3.13.Final}
2019-12-05 20:46:55.155  INFO 3028 --- [    Test worker] org.hibernate.cfg.Environment            : HHH000206: hibernate.properties not found
2019-12-05 20:46:55.427  INFO 3028 --- [    Test worker] o.hibernate.annotations.common.Version   : HCANN000001: Hibernate Commons Annotations {5.0.4.Final}
2019-12-05 20:46:55.639  INFO 3028 --- [    Test worker] org.hibernate.dialect.Dialect            : HHH000400: Using dialect: org.hibernate.dialect.H2Dialect
2019-12-05 20:46:56.713  INFO 3028 --- [    Test worker] o.h.t.schema.internal.SchemaCreatorImpl  : HHH000476: Executing import script 'org.hibernate.tool.schema.internal.exec.ScriptSourceInputNonExistentImpl@45c0375c'
2019-12-05 20:46:56.716  INFO 3028 --- [    Test worker] j.LocalContainerEntityManagerFactoryBean : Initialized JPA EntityManagerFactory for persistence unit 'default'
2019-12-05 20:46:58.435  INFO 3028 --- [    Test worker] o.s.s.concurrent.ThreadPoolTaskExecutor  : Initializing ExecutorService 'applicationTaskExecutor'
2019-12-05 20:46:58.533  WARN 3028 --- [    Test worker] aWebConfiguration$JpaWebMvcConfiguration : spring.jpa.open-in-view is enabled by default. Therefore, database queries may be performed during view rendering. Explicitly configure spring.jpa.open-in-view to disable this warning
2019-12-05 20:46:59.104  INFO 3028 --- [    Test worker] com.example.JPAPJ.JpapjApplicationTests  : Started JpapjApplicationTests in 7.384 seconds (JVM running for 9.466)
]]></system-out>
  <system-err><![CDATA[]]></system-err>
</testsuite>
